<?xml version="1.0" encoding="UTF-8"?>
<!-- Generated by org.testng.reporters.JUnitReportReporter -->
<testsuite hostname="qaplanet20" name="ms_TestScripts.MS_TC2" tests="1" failures="0" timestamp="21 Aug 2017 10:19:28 GMT" time="8.511" errors="0">
  <testcase name="AddEmployee" time="8.511" classname="ms_TestScripts.MS_TC2"/>
</testsuite> <!-- ms_TestScripts.MS_TC2 -->
