<?xml version="1.0" encoding="UTF-8"?>
<!-- Generated by org.testng.reporters.JUnitReportReporter -->
<testsuite hostname="qaplanet20" name="ms_TestScripts.MS_TC1" tests="1" failures="0" timestamp="21 Aug 2017 10:19:28 GMT" time="9.362" errors="0">
  <testcase name="AddEmployee" time="9.362" classname="ms_TestScripts.MS_TC1"/>
</testsuite> <!-- ms_TestScripts.MS_TC1 -->
